app/build/intermediates/manifest_merge_blame_file/debug/manifest-merger-blame-debug-report.txt
1<?xml version="1.0" encoding="utf-8"?>
2<manifest xmlns:android="http://schemas.android.com/apk/res/android"
3    package="fr.razaheri.aplication_hopital"
4    android:versionCode="1"
5    android:versionName="1.0" >
6
7    <uses-sdk
8        android:minSdkVersion="21"
8-->src\main\AndroidManifest.xml
9        android:targetSdkVersion="32" />
9-->src\main\AndroidManifest.xml
10
11    <application
11-->src\main\AndroidManifest.xml:6:5-26:19
12        android:allowBackup="true"
12-->src\main\AndroidManifest.xml:7:9-35
13        android:appComponentFactory="androidx.core.app.CoreComponentFactory"
13-->[androidx.core:core:1.8.0] AndroidManifest.xml:24:18-86
14        android:dataExtractionRules="@xml/data_extraction_rules"
14-->src\main\AndroidManifest.xml:8:9-65
15        android:debuggable="true"
16        android:fullBackupContent="@xml/backup_rules"
16-->src\main\AndroidManifest.xml:9:9-54
17        android:label="@string/app_name"
17-->src\main\AndroidManifest.xml:10:9-41
18        android:supportsRtl="true"
18-->src\main\AndroidManifest.xml:11:9-35
19        android:testOnly="true"
20        android:theme="@style/Theme.Aplication_Hopital" >
20-->src\main\AndroidManifest.xml:12:9-56
21        <activity
21-->src\main\AndroidManifest.xml:14:9-16:40
22            android:name="fr.razaheri.aplication_hopital.DisplayMessageActivity"
22-->src\main\AndroidManifest.xml:15:13-51
23            android:exported="false" />
23-->src\main\AndroidManifest.xml:16:13-37
24        <activity
24-->src\main\AndroidManifest.xml:17:9-25:20
25            android:name="fr.razaheri.aplication_hopital.MainActivity"
25-->src\main\AndroidManifest.xml:18:13-41
26            android:exported="true" >
26-->src\main\AndroidManifest.xml:19:13-36
27            <intent-filter>
27-->src\main\AndroidManifest.xml:20:13-24:29
28                <action android:name="android.intent.action.MAIN" />
28-->src\main\AndroidManifest.xml:21:17-69
28-->src\main\AndroidManifest.xml:21:25-66
29
30                <category android:name="android.intent.category.LAUNCHER" />
30-->src\main\AndroidManifest.xml:23:17-77
30-->src\main\AndroidManifest.xml:23:27-74
31            </intent-filter>
32        </activity>
33
34        <provider
34-->[androidx.emoji2:emoji2:1.2.0] AndroidManifest.xml:24:9-32:20
35            android:name="androidx.startup.InitializationProvider"
35-->[androidx.emoji2:emoji2:1.2.0] AndroidManifest.xml:25:13-67
36            android:authorities="fr.razaheri.aplication_hopital.androidx-startup"
36-->[androidx.emoji2:emoji2:1.2.0] AndroidManifest.xml:26:13-68
37            android:exported="false" >
37-->[androidx.emoji2:emoji2:1.2.0] AndroidManifest.xml:27:13-37
38            <meta-data
38-->[androidx.emoji2:emoji2:1.2.0] AndroidManifest.xml:29:13-31:52
39                android:name="androidx.emoji2.text.EmojiCompatInitializer"
39-->[androidx.emoji2:emoji2:1.2.0] AndroidManifest.xml:30:17-75
40                android:value="androidx.startup" />
40-->[androidx.emoji2:emoji2:1.2.0] AndroidManifest.xml:31:17-49
41            <meta-data
41-->[androidx.lifecycle:lifecycle-process:2.4.1] AndroidManifest.xml:31:13-33:52
42                android:name="androidx.lifecycle.ProcessLifecycleInitializer"
42-->[androidx.lifecycle:lifecycle-process:2.4.1] AndroidManifest.xml:32:17-78
43                android:value="androidx.startup" />
43-->[androidx.lifecycle:lifecycle-process:2.4.1] AndroidManifest.xml:33:17-49
44        </provider>
45    </application>
46
47</manifest>